====================================================
   PROJECT ANODYNE OS - HARDENED FACTORY LINE  
====================================================
📦 Step 1: Staging native application payloads...
🛠️ Step 2: Harvesting host bootloaders and staging configuration map...
1 block
✅ Complete bootloader configuration array successfully staged.
🔒 Step 3: Enforcing executive system file permissions...
🧹 Step 4: Purging temporary binary tracking states...
[2026-07-13 07:19:14] lb_clean --binary
🚀 Step 5: Synthesizing bootable operating system partitions...
[2026-07-13 07:19:14] lb_build 
[2026-07-13 07:19:14] lb_bootstrap 
P: Setting up cleanup function
[2026-07-13 07:19:14] lb_bootstrap_cache restore
P: Restoring bootstrap stage from cache...
[2026-07-13 07:19:14] lb_bootstrap_copy 
[2026-07-13 07:19:14] lb_bootstrap_cdebootstrap 
[2026-07-13 07:19:14] lb_bootstrap_debootstrap 
P: Begin bootstrapping system...
[2026-07-13 07:19:14] lb_testroot 
P: If the following stage fails, the most likely cause of the problem is with your mirror configuration or a caching proxy.
P: Running debootstrap (download-only)... 
I: Retrieving InRelease 
I: Checking Release signature
E: Release signed by unknown key (key id F8D2585B8783D481)
   The specified keyring /usr/share/keyrings/debian-archive-keyring.gpg may be incorrect or out of date.
   You can find the latest Debian release key at https://ftp-master.debian.org/keys.html
P: Begin unmounting filesystems...
P: Saving caches...
chroot: failed to run command ‘/usr/bin/env’: No such file or directory
